  Tutorial1.cpp
D:\IIT\Second year\3D graphics programming\CW\3DExample1\Tutorial1.cpp(35,20): warning C4244: '=': conversion from 'int' to 'GLfloat', possible loss of data
D:\IIT\Second year\3D graphics programming\CW\3DExample1\Tutorial1.cpp(36,20): warning C4244: '=': conversion from 'int' to 'GLfloat', possible loss of data
D:\IIT\Second year\3D graphics programming\CW\3DExample1\Tutorial1.cpp(37,20): warning C4244: '=': conversion from 'int' to 'GLfloat', possible loss of data
D:\IIT\Second year\3D graphics programming\CW\3DExample1\Tutorial1.cpp(38,20): warning C4244: '=': conversion from 'int' to 'GLfloat', possible loss of data
D:\IIT\Second year\3D graphics programming\CW\3DExample1\Tutorial1.cpp(39,20): warning C4244: '=': conversion from 'int' to 'GLfloat', possible loss of data
D:\IIT\Second year\3D graphics programming\CW\3DExample1\Tutorial1.cpp(40,20): warning C4244: '=': conversion from 'int' to 'GLfloat', possible loss of data
D:\IIT\Second year\3D graphics programming\CW\3DExample1\Tutorial1.cpp(41,20): warning C4244: '=': conversion from 'int' to 'GLfloat', possible loss of data
D:\IIT\Second year\3D graphics programming\CW\3DExample1\Tutorial1.cpp(42,20): warning C4244: '=': conversion from 'int' to 'GLfloat', possible loss of data
D:\IIT\Second year\3D graphics programming\CW\3DExample1\Tutorial1.cpp(43,20): warning C4244: '=': conversion from 'int' to 'GLfloat', possible loss of data
D:\IIT\Second year\3D graphics programming\CW\3DExample1\Tutorial1.cpp(44,20): warning C4244: '=': conversion from 'int' to 'GLfloat', possible loss of data
D:\IIT\Second year\3D graphics programming\CW\3DExample1\Tutorial1.cpp(49,21): warning C4244: '=': conversion from 'int' to 'GLfloat', possible loss of data
D:\IIT\Second year\3D graphics programming\CW\3DExample1\Tutorial1.cpp(50,21): warning C4244: '=': conversion from 'int' to 'GLfloat', possible loss of data
D:\IIT\Second year\3D graphics programming\CW\3DExample1\Tutorial1.cpp(57,21): warning C4244: '=': conversion from 'int' to 'GLfloat', possible loss of data
D:\IIT\Second year\3D graphics programming\CW\3DExample1\Tutorial1.cpp(58,21): warning C4244: '=': conversion from 'int' to 'GLfloat', possible loss of data
D:\IIT\Second year\3D graphics programming\CW\3DExample1\Tutorial1.cpp(66,21): warning C4244: '=': conversion from 'int' to 'GLfloat', possible loss of data
D:\IIT\Second year\3D graphics programming\CW\3DExample1\Tutorial1.cpp(67,21): warning C4244: '=': conversion from 'int' to 'GLfloat', possible loss of data
D:\IIT\Second year\3D graphics programming\CW\3DExample1\Tutorial1.cpp(76,21): warning C4244: '=': conversion from 'int' to 'GLfloat', possible loss of data
D:\IIT\Second year\3D graphics programming\CW\3DExample1\Tutorial1.cpp(77,21): warning C4244: '=': conversion from 'int' to 'GLfloat', possible loss of data
D:\IIT\Second year\3D graphics programming\CW\3DExample1\Tutorial1.cpp(86,21): warning C4244: '=': conversion from 'int' to 'GLfloat', possible loss of data
D:\IIT\Second year\3D graphics programming\CW\3DExample1\Tutorial1.cpp(87,21): warning C4244: '=': conversion from 'int' to 'GLfloat', possible loss of data
D:\IIT\Second year\3D graphics programming\CW\3DExample1\Tutorial1.cpp(96,14): warning C4244: 'argument': conversion from 'int' to 'GLfloat', possible loss of data
D:\IIT\Second year\3D graphics programming\CW\3DExample1\Tutorial1.cpp(97,14): warning C4244: 'argument': conversion from 'int' to 'GLfloat', possible loss of data
D:\IIT\Second year\3D graphics programming\CW\3DExample1\Tutorial1.cpp(132,35): warning C4244: 'argument': conversion from 'double' to 'GLfloat', possible loss of data
D:\IIT\Second year\3D graphics programming\CW\3DExample1\Tutorial1.cpp(132,17): warning C4244: 'argument': conversion from 'double' to 'GLfloat', possible loss of data
D:\IIT\Second year\3D graphics programming\CW\3DExample1\Tutorial1.cpp(133,35): warning C4244: 'argument': conversion from 'double' to 'GLfloat', possible loss of data
D:\IIT\Second year\3D graphics programming\CW\3DExample1\Tutorial1.cpp(133,17): warning C4244: 'argument': conversion from 'double' to 'GLfloat', possible loss of data
D:\IIT\Second year\3D graphics programming\CW\3DExample1\Tutorial1.cpp(134,35): warning C4244: 'argument': conversion from 'double' to 'GLfloat', possible loss of data
D:\IIT\Second year\3D graphics programming\CW\3DExample1\Tutorial1.cpp(134,17): warning C4244: 'argument': conversion from 'double' to 'GLfloat', possible loss of data
D:\IIT\Second year\3D graphics programming\CW\3DExample1\Tutorial1.cpp(135,35): warning C4244: 'argument': conversion from 'double' to 'GLfloat', possible loss of data
D:\IIT\Second year\3D graphics programming\CW\3DExample1\Tutorial1.cpp(135,17): warning C4244: 'argument': conversion from 'double' to 'GLfloat', possible loss of data
D:\IIT\Second year\3D graphics programming\CW\3DExample1\Tutorial1.cpp(139,35): warning C4244: 'argument': conversion from 'double' to 'GLfloat', possible loss of data
D:\IIT\Second year\3D graphics programming\CW\3DExample1\Tutorial1.cpp(139,17): warning C4244: 'argument': conversion from 'double' to 'GLfloat', possible loss of data
D:\IIT\Second year\3D graphics programming\CW\3DExample1\Tutorial1.cpp(140,35): warning C4244: 'argument': conversion from 'double' to 'GLfloat', possible loss of data
D:\IIT\Second year\3D graphics programming\CW\3DExample1\Tutorial1.cpp(140,17): warning C4244: 'argument': conversion from 'double' to 'GLfloat', possible loss of data
D:\IIT\Second year\3D graphics programming\CW\3DExample1\Tutorial1.cpp(141,35): warning C4244: 'argument': conversion from 'double' to 'GLfloat', possible loss of data
D:\IIT\Second year\3D graphics programming\CW\3DExample1\Tutorial1.cpp(141,17): warning C4244: 'argument': conversion from 'double' to 'GLfloat', possible loss of data
D:\IIT\Second year\3D graphics programming\CW\3DExample1\Tutorial1.cpp(142,35): warning C4244: 'argument': conversion from 'double' to 'GLfloat', possible loss of data
D:\IIT\Second year\3D graphics programming\CW\3DExample1\Tutorial1.cpp(142,17): warning C4244: 'argument': conversion from 'double' to 'GLfloat', possible loss of data
D:\IIT\Second year\3D graphics programming\CW\3DExample1\Tutorial1.cpp(146,35): warning C4244: 'argument': conversion from 'double' to 'GLfloat', possible loss of data
D:\IIT\Second year\3D graphics programming\CW\3DExample1\Tutorial1.cpp(146,17): warning C4244: 'argument': conversion from 'double' to 'GLfloat', possible loss of data
D:\IIT\Second year\3D graphics programming\CW\3DExample1\Tutorial1.cpp(147,35): warning C4244: 'argument': conversion from 'double' to 'GLfloat', possible loss of data
D:\IIT\Second year\3D graphics programming\CW\3DExample1\Tutorial1.cpp(147,17): warning C4244: 'argument': conversion from 'double' to 'GLfloat', possible loss of data
D:\IIT\Second year\3D graphics programming\CW\3DExample1\Tutorial1.cpp(148,35): warning C4244: 'argument': conversion from 'double' to 'GLfloat', possible loss of data
D:\IIT\Second year\3D graphics programming\CW\3DExample1\Tutorial1.cpp(148,17): warning C4244: 'argument': conversion from 'double' to 'GLfloat', possible loss of data
D:\IIT\Second year\3D graphics programming\CW\3DExample1\Tutorial1.cpp(149,35): warning C4244: 'argument': conversion from 'double' to 'GLfloat', possible loss of data
D:\IIT\Second year\3D graphics programming\CW\3DExample1\Tutorial1.cpp(149,17): warning C4244: 'argument': conversion from 'double' to 'GLfloat', possible loss of data
D:\IIT\Second year\3D graphics programming\CW\3DExample1\Tutorial1.cpp(153,35): warning C4244: 'argument': conversion from 'double' to 'GLfloat', possible loss of data
D:\IIT\Second year\3D graphics programming\CW\3DExample1\Tutorial1.cpp(153,17): warning C4244: 'argument': conversion from 'double' to 'GLfloat', possible loss of data
D:\IIT\Second year\3D graphics programming\CW\3DExample1\Tutorial1.cpp(154,35): warning C4244: 'argument': conversion from 'double' to 'GLfloat', possible loss of data
D:\IIT\Second year\3D graphics programming\CW\3DExample1\Tutorial1.cpp(154,17): warning C4244: 'argument': conversion from 'double' to 'GLfloat', possible loss of data
D:\IIT\Second year\3D graphics programming\CW\3DExample1\Tutorial1.cpp(155,35): warning C4244: 'argument': conversion from 'double' to 'GLfloat', possible loss of data
D:\IIT\Second year\3D graphics programming\CW\3DExample1\Tutorial1.cpp(155,17): warning C4244: 'argument': conversion from 'double' to 'GLfloat', possible loss of data
D:\IIT\Second year\3D graphics programming\CW\3DExample1\Tutorial1.cpp(156,35): warning C4244: 'argument': conversion from 'double' to 'GLfloat', possible loss of data
D:\IIT\Second year\3D graphics programming\CW\3DExample1\Tutorial1.cpp(156,17): warning C4244: 'argument': conversion from 'double' to 'GLfloat', possible loss of data
D:\IIT\Second year\3D graphics programming\CW\3DExample1\Tutorial1.cpp(160,35): warning C4244: 'argument': conversion from 'double' to 'GLfloat', possible loss of data
D:\IIT\Second year\3D graphics programming\CW\3DExample1\Tutorial1.cpp(160,17): warning C4244: 'argument': conversion from 'double' to 'GLfloat', possible loss of data
D:\IIT\Second year\3D graphics programming\CW\3DExample1\Tutorial1.cpp(161,35): warning C4244: 'argument': conversion from 'double' to 'GLfloat', possible loss of data
D:\IIT\Second year\3D graphics programming\CW\3DExample1\Tutorial1.cpp(161,17): warning C4244: 'argument': conversion from 'double' to 'GLfloat', possible loss of data
D:\IIT\Second year\3D graphics programming\CW\3DExample1\Tutorial1.cpp(162,35): warning C4244: 'argument': conversion from 'double' to 'GLfloat', possible loss of data
D:\IIT\Second year\3D graphics programming\CW\3DExample1\Tutorial1.cpp(162,17): warning C4244: 'argument': conversion from 'double' to 'GLfloat', possible loss of data
D:\IIT\Second year\3D graphics programming\CW\3DExample1\Tutorial1.cpp(163,35): warning C4244: 'argument': conversion from 'double' to 'GLfloat', possible loss of data
D:\IIT\Second year\3D graphics programming\CW\3DExample1\Tutorial1.cpp(163,17): warning C4244: 'argument': conversion from 'double' to 'GLfloat', possible loss of data
D:\IIT\Second year\3D graphics programming\CW\3DExample1\Tutorial1.cpp(529,14): warning C4553: '==': result of expression not used; did you intend '='?
  3DExample1.vcxproj -> D:\IIT\Second year\3D graphics programming\CW\3DExample1\x64\Debug\3DExample1.exe
